number,value,datetime_start,datetime_complete,duration,params_colsample_bytree,params_gamma,params_learning_rate,params_max_depth,params_min_child_weight,params_n_estimators,params_reg_alpha,params_reg_lambda,params_subsample,state
0,0.09497475220507794,2026-09-07 04:10:48.842355,2026-09-07 04:10:55.058599,0 days 00:00:06.216244,0.9764896730880022,0.5884182522184034,0.14271054722440515,7,10,150,0.0030436147274028906,0.11414888103922566,0.5293621956637987,COMPLETE
1,0.100662105626532,2026-09-07 04:10:55.071133,2026-09-07 04:11:01.040857,0 days 00:00:05.969724,0.6663369877514902,2.289400408817662,0.21434637317949,5,6,200,9.578948933208272,0.008093825205344764,0.7454463228862571,COMPLETE
2,0.11905323128017774,2026-09-07 04:11:01.051421,2026-09-07 04:11:09.070313,0 days 00:00:08.018892,0.5971910001225026,2.3581300233506926,0.013946807001043338,3,12,250,0.0343137954590063,0.5235948713411219,0.5076728000821396,COMPLETE
3,0.10717274175671072,2026-09-07 04:11:09.080013,2026-09-07 04:11:14.007516,0 days 00:00:04.927503,0.6355531563822443,3.888759928108789,0.16949965480705426,3,20,250,0.007757645259080671,7.679241293675937,0.9280159266263882,COMPLETE
4,0.10274783030487193,2026-09-07 04:11:14.015149,2026-09-07 04:11:18.383703,0 days 00:00:04.368554,0.7662509625760274,2.3462934092348124,0.13632313076354238,5,10,150,0.047624253193680376,0.1945572113065805,0.7986512263105625,COMPLETE
5,0.11155452323793613,2026-09-07 04:11:18.391927,2026-09-07 04:11:31.969383,0 days 00:00:13.577456,0.5173324644309281,1.5624181269007253,0.017525583798316143,6,10,400,0.7027524500173192,2.732945683343564,0.5618821184467738,COMPLETE
6,0.09297999765735178,2026-09-07 04:11:31.977154,2026-09-07 04:11:41.557483,0 days 00:00:09.580329,0.970335055677374,4.1363319767738185,0.18017908557097317,8,6,350,0.8762493676305704,3.134112683492847,0.5415886761269403,PRUNED
7,0.09818301137732909,2026-09-07 04:11:41.564206,2026-09-07 04:11:52.061702,0 days 00:00:10.497496,0.9226150940784239,4.6796286934334885,0.04041543687478877,9,14,450,0.029533151154152157,0.013388729371139337,0.8686511464796033,PRUNED
8,0.10351048947224051,2026-09-07 04:11:52.068462,2026-09-07 04:11:59.296893,0 days 00:00:07.228431,0.6177653530048621,4.890709166862825,0.04867898084386066,8,8,500,2.0123753639300763,9.522333642065849,0.9304480576709582,PRUNED
9,0.10016291679955386,2026-09-07 04:11:59.303738,2026-09-07 04:12:05.005058,0 days 00:00:05.701320,0.5429736897073381,0.3235079866545526,0.08954524359887116,5,14,400,0.09652240280751248,1.2143602104142128,0.958078935498595,PRUNED
10,0.11905209677080346,2026-09-07 04:12:05.011241,2026-09-07 04:12:12.258136,0 days 00:00:07.246895,0.8240669601988124,2.997829125604237,0.011553641933920774,3,2,300,0.0014544751000281435,0.00167319521092396,0.6593390088215528,COMPLETE
11,0.11913951051985323,2026-09-07 04:12:12.265954,2026-09-07 04:12:19.595289,0 days 00:00:07.329335,0.8129999904581534,3.053109626969139,0.010821100490516586,3,3,300,0.00293605255558611,0.0013496333623410988,0.6514605307599274,COMPLETE
12,0.11932507772290846,2026-09-07 04:12:19.604888,2026-09-07 04:12:25.983939,0 days 00:00:06.379051,0.7460507360475609,3.1310929214411365,0.010022356031756725,3,1,250,0.011292891287261056,0.00102854951049846,0.6298677057421262,COMPLETE
13,0.11745484365498,2026-09-07 04:12:25.993116,2026-09-07 04:12:29.362622,0 days 00:00:03.369506,0.779864222039099,3.378054556734128,0.02136043182373992,4,1,100,0.00660935900303961,0.001205058696530107,0.649460727501739,COMPLETE
14,0.11725149053570567,2026-09-07 04:12:29.370214,2026-09-07 04:12:37.697664,0 days 00:00:08.327450,0.8690439564820941,3.056945449069652,0.01017983432628443,4,4,300,0.0012579279689175881,0.005636422109528987,0.6439021683187495,COMPLETE
15,0.11261393692232269,2026-09-07 04:12:37.705369,2026-09-07 04:12:45.223115,0 days 00:00:07.517746,0.7149811893222227,1.5771463840936653,0.026377130298733006,4,3,300,0.009575516720143461,0.02464530241640414,0.7326048169510149,PRUNED
16,0.11804758098706492,2026-09-07 04:12:45.230008,2026-09-07 04:12:50.308331,0 days 00:00:05.078323,0.7298267761263968,3.510815805548325,0.032052506315568545,3,5,200,0.15363352013067214,0.0028716757818029073,0.5998690679022752,COMPLETE
17,0.11567917933229059,2026-09-07 04:12:50.316678,2026-09-07 04:12:59.049188,0 days 00:00:08.732510,0.820985290595507,1.6361086746046847,0.016167653652721353,4,2,350,0.01679324326879687,0.03584662301716183,0.7264660463237853,COMPLETE
18,0.11911621157289964,2026-09-07 04:12:59.056929,2026-09-07 04:13:05.287868,0 days 00:00:06.230939,0.8878501530101992,4.190040764494444,0.010030699094414097,3,1,250,0.0029960158796150135,0.0011613414253160651,0.6884412734482714,COMPLETE
19,0.09549136373594098,2026-09-07 04:13:05.296158,2026-09-07 04:13:12.002355,0 days 00:00:06.706197,0.6974632306842817,2.771718439139343,0.06319610860461855,6,7,350,0.1195222955754185,0.0036337991877007586,0.5911053753049148,PRUNED
20,0.11582777200773808,2026-09-07 04:13:12.008461,2026-09-07 04:13:17.371507,0 days 00:00:05.363046,0.8037313907480447,1.001779078416405,0.022162139302612162,4,4,200,0.0036180895108418915,0.002632804458677641,0.8131016854777013,COMPLETE
21,0.11894632144064203,2026-09-07 04:13:17.379469,2026-09-07 04:13:23.837644,0 days 00:00:06.458175,0.879492087577107,4.1389601103633815,0.011477137011099401,3,1,250,0.0024581466657780187,0.0011477036292068302,0.6878296666387842,COMPLETE
22,0.11960558466565634,2026-09-07 04:13:23.845626,2026-09-07 04:13:30.205682,0 days 00:00:06.360056,0.875487791344231,3.831169609295136,0.014484938731061747,3,1,250,0.0010118527684883818,0.0012176018029153577,0.6059792207830065,COMPLETE
23,0.11629782210442287,2026-09-07 04:13:30.215285,2026-09-07 04:13:38.319214,0 days 00:00:08.103929,0.745611111571599,3.5502785807758146,0.01495533193592839,4,3,300,0.0011331314749427706,0.008493676648146526,0.6077980832696447,COMPLETE
24,0.11940461657973826,2026-09-07 04:13:38.327245,2026-09-07 04:13:42.483989,0 days 00:00:04.156744,0.8435201047316172,2.656255760342714,0.020305246191134704,3,4,150,0.01071193625146165,0.0035889463279954884,0.6187653481868973,COMPLETE
25,0.1148562703224036,2026-09-07 04:13:42.492883,2026-09-07 04:13:46.286961,0 days 00:00:03.794078,0.9417927706657672,2.6519608236102266,0.021563869980309205,5,5,100,0.016934962339419376,0.02084640620170969,0.568421432577353,COMPLETE
26,0.11853243573018635,2026-09-07 04:13:46.294645,2026-09-07 04:13:50.565652,0 days 00:00:04.271007,0.8539763053362607,1.8753673708614746,0.031627280575744994,3,8,150,0.011438766733771984,0.00445515548005603,0.6224269262203739,COMPLETE
27,0.11582973705215738,2026-09-07 04:13:50.573640,2026-09-07 04:13:56.292073,0 days 00:00:05.718433,0.9230081513561019,4.553362370892448,0.0178446520234867,4,1,200,0.06089339720499032,0.0545483654086311,0.6957495740205568,COMPLETE
28,0.12018075750033387,2026-09-07 04:13:56.299975,2026-09-07 04:14:00.268774,0 days 00:00:03.968799,0.84668754703948,3.8259898633793843,0.013511736044895105,3,19,150,0.27466579337126534,0.0022438199646130554,0.7746123857872798,COMPLETE
29,0.11111049137817708,2026-09-07 04:14:00.278361,2026-09-07 04:14:03.376354,0 days 00:00:03.097993,0.8404898223647697,3.858433243925065,0.029357861343335533,6,14,150,0.28762917139414584,0.0024737599760308905,0.783306032406031,PRUNED
30,0.11883267382441487,2026-09-07 04:14:03.382313,2026-09-07 04:14:06.597617,0 days 00:00:03.215304,0.9120482619525407,0.9215321705664814,0.013821918601815144,4,19,100,9.518553348139749,0.01063588960206032,0.8781863970039909,COMPLETE
31,0.10336828963932573,2026-09-07 04:14:06.606378,2026-09-07 04:14:08.960696,0 days 00:00:02.354318,0.9861731292148377,3.296504145451607,0.2962848664402944,3,17,150,0.29899025913674226,0.002404198807142121,0.5412969080260996,PRUNED
32,0.11970133425691849,2026-09-07 04:14:08.966812,2026-09-07 04:14:14.441497,0 days 00:00:05.474685,0.7841628122409493,3.714964066897201,0.013401262272673495,3,17,200,3.5002424036229174,0.005116146436440175,0.5029714482368947,COMPLETE
33,0.11955259048148924,2026-09-07 04:14:14.449375,2026-09-07 04:14:19.804207,0 days 00:00:05.354832,0.7845899540282248,3.786534224607653,0.013503431852466264,3,18,200,3.756455680510098,0.005957106657522335,0.5040669780960596,COMPLETE
34,0.11972239757429237,2026-09-07 04:14:19.812493,2026-09-07 04:14:25.333706,0 days 00:00:05.521213,0.7844470947074708,3.7282445073634443,0.013590386732344932,3,17,200,4.704416038968317,0.006364237956239602,0.5009032755447778,COMPLETE
35,0.11785199779750659,2026-09-07 04:14:25.341363,2026-09-07 04:14:32.114430,0 days 00:00:06.773067,0.6864788706385656,4.484016971177031,0.014149771529919298,5,17,200,4.186593642895443,0.014771546158912553,0.5221366221255426,COMPLETE
36,0.11758979861897689,2026-09-07 04:14:32.122936,2026-09-07 04:14:38.502435,0 days 00:00:06.379499,0.6621120185308289,3.72125732779351,0.01739139682319119,4,16,200,0.9628101934040221,0.06508839515633924,0.5653318968324119,COMPLETE
37,0.11882887348713744,2026-09-07 04:14:38.510285,2026-09-07 04:14:44.927255,0 days 00:00:06.416970,0.7854448100047926,4.323556007328687,0.024814866765026953,3,20,250,6.428682173039605,0.1514732353122888,0.5004460707527714,COMPLETE
38,0.1194441015578956,2026-09-07 04:14:44.935232,2026-09-07 04:14:48.503081,0 days 00:00:03.567849,0.8980885348589365,4.858531040320823,0.013233091297944099,4,15,100,2.34100527904556,0.006807046044617056,0.7684331841195207,COMPLETE
39,0.11938658024938793,2026-09-07 04:14:48.510673,2026-09-07 04:14:52.789578,0 days 00:00:04.278905,0.9625284916378214,3.9952843119639674,0.01843712742448919,3,12,150,1.5364352103409793,0.37894065930927706,0.5361090633078832,COMPLETE
40,0.11510035820320408,2026-09-07 04:14:52.797725,2026-09-07 04:15:00.135701,0 days 00:00:07.337976,0.7592295966259239,3.6553689576077404,0.012407767437467515,5,12,250,0.4609888279149708,0.001835210015708948,0.864053415287279,PRUNED
41,0.11973520396622261,2026-09-07 04:15:00.142585,2026-09-07 04:15:05.529158,0 days 00:00:05.386573,0.7917395214106357,3.9628772166015844,0.014994021086215871,3,18,200,3.593170581111305,0.004797106519319244,0.5028833735950075,COMPLETE
42,0.11971909196661305,2026-09-07 04:15:05.537296,2026-09-07 04:15:10.827276,0 days 00:00:05.289980,0.8041849122238633,3.9598324068408974,0.016199667274988713,3,19,200,3.191607144842728,0.011959546026189573,0.5719767652813462,COMPLETE
43,0.11948409540025275,2026-09-07 04:15:10.835367,2026-09-07 04:15:14.448284,0 days 00:00:03.612917,0.7972036655680693,4.363999104478023,0.01628234573508468,3,19,150,3.772921668603504,0.013760119648223712,0.9978064403138729,COMPLETE
44,0.11844867580202285,2026-09-07 04:15:14.456391,2026-09-07 04:15:19.747761,0 days 00:00:05.291370,0.7660004469774342,4.006189826695385,0.024821212448710717,3,18,200,1.4634530065630473,0.009165240538594244,0.5247244746037402,COMPLETE
45,0.1022399760047694,2026-09-07 04:15:19.756737,2026-09-07 04:15:26.188592,0 days 00:00:06.431855,0.8326880229037465,3.3571498906743495,0.038054051323137966,9,19,200,6.3760918088155245,0.004718672476338028,0.5717050488841959,PRUNED
46,0.11987871015267172,2026-09-07 04:15:26.195412,2026-09-07 04:15:30.476333,0 days 00:00:04.280921,0.7277195082729584,4.779242976409253,0.01196925833729715,3,16,150,2.12796611464383,0.0322955584348088,0.5521509436041817,COMPLETE
47,0.11865036008259737,2026-09-07 04:15:30.484577,2026-09-07 04:15:35.327116,0 days 00:00:04.842539,0.6438285057628331,4.731966219026207,0.011930379761086695,4,15,150,0.710679277737399,0.02195142536516464,0.5523695808077247,COMPLETE
48,0.11982365544961737,2026-09-07 04:15:35.334590,2026-09-07 04:15:38.460213,0 days 00:00:03.125623,0.5723678979347631,4.686690624985831,0.019422958408421093,3,20,100,1.9675163640498754,0.06352604141881475,0.5244443584737727,COMPLETE
49,0.11437440157795167,2026-09-07 04:15:38.468095,2026-09-07 04:15:41.104794,0 days 00:00:02.636699,0.5703078004750326,4.992767790512947,0.01916386774548734,7,20,100,1.2633108757335847,0.06957828216623031,0.5204782382350034,PRUNED
50,0.11883663361155701,2026-09-07 04:15:41.111020,2026-09-07 04:15:44.632236,0 days 00:00:03.521216,0.501505506253413,4.586067921931955,0.011714654123449013,4,18,100,2.319718792902797,0.035505235465572126,0.5453476565948973,COMPLETE
51,,2026-09-07 04:15:44.640033,,,0.578372461772387,4.2112283603874445,0.015166440980250554,3,16,150,9.092959195165331,0.2566257567195007,0.5767843125958576,RUNNING
52,0.12010680243463916,2026-09-07 04:18:07.685662,2026-09-07 04:18:12.088312,0 days 00:00:04.402650,0.5609140450321367,4.170804130057368,0.016888824443896264,3,16,150,6.60610501959133,0.08986611817959807,0.5862271956971552,COMPLETE
53,0.1123048011544432,2026-09-07 04:18:12.099634,2026-09-07 04:18:14.430115,0 days 00:00:02.330481,0.5868182144592877,4.334077441805618,0.12172643618179149,3,16,150,9.456755975554113,0.10915683916122089,0.5925583113912616,PRUNED
54,0.11908449303184475,2026-09-07 04:18:14.437005,2026-09-07 04:18:17.473362,0 days 00:00:03.036357,0.5235532453076785,4.752879083856664,0.022391903971033546,3,16,100,4.920901792064757,0.30501526348455854,0.827289287391451,COMPLETE
55,0.12007182740927407,2026-09-07 04:18:17.481534,2026-09-07 04:18:21.756239,0 days 00:00:04.274705,0.55371296728169,4.188712115168058,0.01524740487186891,3,15,150,6.518332885762862,0.956327554637966,0.5289387726318152,COMPLETE
56,0.11892384625332408,2026-09-07 04:18:21.764577,2026-09-07 04:18:25.810933,0 days 00:00:04.046356,0.562328851600407,4.243618637022189,0.027403602910125373,4,13,100,7.025266114110758,1.0871913050717954,0.5806066257231944,COMPLETE
57,0.11996491765879469,2026-09-07 04:18:25.819081,2026-09-07 04:18:30.108562,0 days 00:00:04.289481,0.6040635041544554,4.483486738204276,0.015800610679285988,3,15,150,2.4396494676242813,2.414547564946262,0.5284967637174643,COMPLETE
58,0.11937897929475944,2026-09-07 04:18:30.117785,2026-09-07 04:18:34.412882,0 days 00:00:04.295097,0.6218058970254556,4.437986701102561,0.016286420268275457,3,15,150,0.4938195101229856,4.9966199974111625,0.5561798354914409,COMPLETE
59,0.11860369450985438,2026-09-07 04:18:34.421174,2026-09-07 04:18:39.210409,0 days 00:00:04.789235,0.545385128512362,4.662697955100593,0.019616064605625975,4,14,150,2.10807898637539,1.5824512805448063,0.5239325638075273,COMPLETE
60,0.1189410407671611,2026-09-07 04:18:39.218647,2026-09-07 04:18:51.219275,0 days 00:00:12.000628,0.5909004049013848,4.9873178090839305,0.010916163580421408,3,11,500,1.0568570580801002,2.9719166193660165,0.5865651249514373,COMPLETE
61,0.11751465113667627,2026-09-07 04:18:51.227863,2026-09-07 04:18:54.486534,0 days 00:00:03.258671,0.618948712830874,4.824116768597948,0.042789424230716994,4,13,100,0.204874666328046,1.0060062994713594,0.6299406665511357,COMPLETE
62,0.12012521316405866,2026-09-07 04:18:54.495654,2026-09-07 04:18:58.781344,0 days 00:00:04.285690,0.5337175950292153,4.071042728103586,0.015331989991195092,3,18,150,2.6257261520004525,0.6725171332147154,0.5383363278000645,COMPLETE
63,0.11930889130298833,2026-09-07 04:18:58.791064,2026-09-07 04:19:02.973410,0 days 00:00:04.182346,0.5287374040197093,4.184826347701942,0.023280150485988423,3,16,150,2.556315045528683,0.6860443858407895,0.5406336991991674,COMPLETE
64,0.11958147260145968,2026-09-07 04:19:02.981552,2026-09-07 04:19:07.908230,0 days 00:00:04.926678,0.5540941147809121,4.112422396376151,0.018204791323201446,3,15,150,1.5544906831384915,1.792688618677474,0.557984045752463,COMPLETE
65,0.119980737328046,2026-09-07 04:19:07.916472,2026-09-07 04:19:11.046971,0 days 00:00:03.130499,0.5772884335932665,4.5321457106488765,0.0155217499953219,3,20,100,0.6540827648179179,4.439481347145732,0.5261646313289345,COMPLETE
66,0.11985035468662401,2026-09-07 04:19:11.055747,2026-09-07 04:19:15.186122,0 days 00:00:04.130375,0.5993052437390028,3.4814720694868626,0.015225755482620796,3,19,150,0.5545368913382172,4.924906185120603,0.705114693955426,COMPLETE
